{"level":"info","message":"Iniciando processo de finalização dos projetos...","timestamp":"2025-05-11T15:06:16.973Z"}
{"level":"info","message":"Iniciando implementação do WYDStudio...","timestamp":"2025-05-11T15:06:16.984Z"}
{"level":"info","message":"Componente TaskScheduler criado com sucesso","timestamp":"2025-05-11T15:06:16.988Z"}
{"level":"info","message":"Componente EventBus criado com sucesso","timestamp":"2025-05-11T15:06:16.989Z"}
{"level":"info","message":"Componente ResourceManager criado com sucesso","timestamp":"2025-05-11T15:06:16.991Z"}
{"level":"info","message":"Componente ProcessManager criado com sucesso","timestamp":"2025-05-11T15:06:16.993Z"}
{"level":"info","message":"Componente BinaryLoader criado com sucesso","timestamp":"2025-05-11T15:06:16.997Z"}
{"level":"info","message":"Componente StructureDetector criado com sucesso","timestamp":"2025-05-11T15:06:17.007Z"}
{"level":"info","message":"Componente PatternAnalyzer criado com sucesso","timestamp":"2025-05-11T15:06:17.010Z"}
{"level":"info","message":"Componente CodeExtractor criado com sucesso","timestamp":"2025-05-11T15:06:17.015Z"}
{"level":"info","message":"Iniciando build do WYDStudio...","timestamp":"2025-05-11T15:06:17.016Z"}
{"level":"info","message":"Executando comando: cmake -B build -S .","timestamp":"2025-05-11T15:06:17.016Z"}
{"error":"Command failed: cmake -B build -S .","level":"error","message":"Erro ao executar comando: cmake -B build -S .","timestamp":"2025-05-11T15:06:17.269Z"}
{"level":"info","message":"Executando comando: cmake --build build --config Release","timestamp":"2025-05-11T15:06:17.270Z"}
{"error":"Command failed: cmake --build build --config Release","level":"error","message":"Erro ao executar comando: cmake --build build --config Release","timestamp":"2025-05-11T15:06:17.408Z"}
{"level":"info","message":"WYDStudio implementado com sucesso","timestamp":"2025-05-11T15:06:17.409Z"}
{"level":"info","message":"Iniciando implementação do WYDBR...","timestamp":"2025-05-11T15:06:17.410Z"}
{"level":"info","message":"Sistema GameplayManager criado com sucesso","timestamp":"2025-05-11T15:06:17.419Z"}
{"level":"info","message":"Sistema EventSystem criado com sucesso","timestamp":"2025-05-11T15:06:17.429Z"}
{"level":"info","message":"Sistema NetworkManager criado com sucesso","timestamp":"2025-05-11T15:06:17.444Z"}
{"level":"info","message":"Sistema SecuritySystem criado com sucesso","timestamp":"2025-05-11T15:06:17.456Z"}
{"level":"info","message":"Integração DatabaseIntegration criada com sucesso","timestamp":"2025-05-11T15:06:17.461Z"}
{"level":"info","message":"Integração VoIPIntegration criada com sucesso","timestamp":"2025-05-11T15:06:17.471Z"}
{"level":"info","message":"Integração StudioIntegration criada com sucesso","timestamp":"2025-05-11T15:06:17.491Z"}
{"level":"info","message":"Integração SecurityIntegration criada com sucesso","timestamp":"2025-05-11T15:06:17.507Z"}
{"level":"info","message":"Sistema de eventos atualizado","timestamp":"2025-05-11T15:06:17.514Z"}
{"level":"info","message":"Sistemas de gameplay configurados","timestamp":"2025-05-11T15:06:17.550Z"}
{"level":"info","message":"WYDBR implementado com sucesso","timestamp":"2025-05-11T15:06:17.552Z"}
{"level":"info","message":"Executando testes...","timestamp":"2025-05-11T15:06:17.555Z"}
{"level":"info","message":"Executando comando: npm test","timestamp":"2025-05-11T15:06:17.557Z"}
{"error":"Command failed: npm test","level":"error","message":"Erro ao executar comando: npm test","timestamp":"2025-05-11T15:06:19.267Z"}
{"level":"info","message":"\u001b[32m✔ Implementação concluída com sucesso!\u001b[39m","timestamp":"2025-05-11T15:06:19.268Z"}
{"level":"info","message":"Para mais detalhes, consulte o arquivo de log em logs/implementation.log","timestamp":"2025-05-11T15:06:19.269Z"}
