[2025-05-11 07:25:07] [INFO] Verificando privil√©gios de administrador...
[2025-05-11 07:25:07] [INFO] Criando estrutura de diret√≥rios...
[2025-05-11 07:25:07] [INFO] Diret√≥rio criado: F:\Users\Mizael\WYDBR2.0\backup
[2025-05-11 07:25:07] [INFO] Diret√≥rio criado: F:\Users\Mizael\WYDBR2.0\temp
[2025-05-11 07:25:07] [INFO] Instalando m√≥dulos PowerShell necess√°rios...
[2025-05-11 07:25:35] [INFO] Verificando privil√©gios de administrador...
[2025-05-11 07:25:35] [INFO] Criando estrutura de diret√≥rios...
[2025-05-11 07:25:35] [INFO] Instalando m√≥dulos PowerShell necess√°rios...
[2025-05-11 07:26:05] [INFO] M√≥dulo instalado: SqlServer
[2025-05-11 07:26:11] [INFO] M√≥dulo instalado: PSWindowsUpdate
[2025-05-11 07:26:19] [INFO] M√≥dulo instalado: 7Zip4PowerShell
[2025-05-11 07:26:19] [INFO] Verificando instala√ß√£o do Chocolatey...
[2025-05-11 07:26:19] [INFO] Instalando depend√™ncias via Chocolatey...
[2025-05-11 07:26:35] [INFO] Depend√™ncia instalada: cmake
[2025-05-11 07:28:12] [INFO] Depend√™ncia instalada: mysql
[2025-05-11 07:28:57] [INFO] Depend√™ncia instalada: git
[2025-05-11 07:28:58] [INFO] Depend√™ncia instalada: visualstudio2019buildtools
[2025-05-11 07:29:00] [INFO] Depend√™ncia instalada: python3
[2025-05-11 07:29:00] [INFO] Configurando vari√°veis de ambiente...
[2025-05-11 07:29:00] [INFO] Adicionado ao PATH: C:\Program Files\Git\bin
[2025-05-11 07:29:00] [INFO] Verificando instala√ß√µes...
[2025-05-11 07:29:00] [INFO] CMake instalado: cmake version 4.0.2  CMake suite maintained and supported by Kitware (kitware.com/cmake).
[2025-05-11 07:29:00] [INFO] Git instalado: git version 2.49.0.windows.1
[2025-05-11 07:29:00] [ERROR] Erro ao verificar MySQL: O termo 'mysql' n„o È reconhecido como nome de cmdlet, funÁ„o, arquivo de script ou programa oper·vel. Verifique a grafia do nome ou, se um caminho tiver sido incluÌdo, veja se o caminho est· correto e tente novamente.
[2025-05-11 07:29:00] [INFO] Python instalado: Python 3.13.3
[2025-05-11 07:29:00] [INFO] Instala√ß√£o de depend√™ncias conclu√≠da!
{"level":"info","message":"Iniciando instala√ß√£o das depend√™ncias...","timestamp":"2025-05-11T10:34:26.028Z"}
{"level":"info","message":"Instalando depend√™ncias do Node.js...","timestamp":"2025-05-11T10:34:26.032Z"}
{"level":"info","message":"Instalando MySQL...","timestamp":"2025-05-11T10:34:27.773Z"}
{"level":"warn","message":"Por favor, baixe e instale o MySQL manualmente de: https://dev.mysql.com/downloads/installer/","timestamp":"2025-05-11T10:34:27.774Z"}
{"level":"info","message":"CMake j√° est√° instalado","timestamp":"2025-05-11T10:34:27.849Z"}
{"level":"info","message":"Git j√° est√° instalado","timestamp":"2025-05-11T10:34:28.017Z"}
{"level":"warn","message":"Por favor, instale o Visual Studio Build Tools de: https://visualstudio.microsoft.com/visual-cpp-build-tools/","timestamp":"2025-05-11T10:34:28.039Z"}
{"level":"info","message":"Arquivo .env criado com sucesso","timestamp":"2025-05-11T10:34:28.040Z"}
{"level":"info","message":"\u001b[32m‚úî Instala√ß√£o conclu√≠da com sucesso!\u001b[39m","timestamp":"2025-05-11T10:34:28.041Z"}
{"level":"info","message":"\u001b[33m‚ö† Por favor, configure as vari√°veis de ambiente no arquivo .env\u001b[39m","timestamp":"2025-05-11T10:34:28.042Z"}
{"level":"info","message":"Iniciando instala√ß√£o das depend√™ncias...","timestamp":"2025-05-11T11:54:23.146Z"}
{"level":"info","message":"Instalando depend√™ncias do Node.js...","timestamp":"2025-05-11T11:54:23.151Z"}
{"level":"info","message":"MySQL j√° est√° instalado","timestamp":"2025-05-11T11:54:25.509Z"}
{"level":"info","message":"CMake j√° est√° instalado","timestamp":"2025-05-11T11:54:25.570Z"}
{"level":"info","message":"Git j√° est√° instalado","timestamp":"2025-05-11T11:54:25.632Z"}
{"level":"warn","message":"Por favor, instale o Visual Studio Build Tools de: https://visualstudio.microsoft.com/visual-cpp-build-tools/","timestamp":"2025-05-11T11:54:25.653Z"}
{"level":"info","message":"Arquivo .env criado com sucesso","timestamp":"2025-05-11T11:54:25.654Z"}
{"level":"info","message":"\u001b[32m‚úî Instala√ß√£o conclu√≠da com sucesso!\u001b[39m","timestamp":"2025-05-11T11:54:25.655Z"}
{"level":"info","message":"\u001b[33m‚ö† Por favor, configure as vari√°veis de ambiente no arquivo .env\u001b[39m","timestamp":"2025-05-11T11:54:25.656Z"}
