[2025-05-11 00:30:42] [INFO] Diretório criado: F:\Users\Mizael\WYDBR2.0\logs
[2025-05-11 00:30:42] [INFO] Diretório criado: F:\Users\Mizael\WYDBR2.0\data
[2025-05-11 00:30:42] [INFO] Diretório criado: F:\Users\Mizael\WYDBR2.0\data\maps
[2025-05-11 00:30:42] [INFO] Diretório criado: F:\Users\Mizael\WYDBR2.0\data\items
[2025-05-11 00:30:42] [INFO] Diretório criado: F:\Users\Mizael\WYDBR2.0\data\npcs
[2025-05-11 00:30:42] [INFO] Diretório criado: F:\Users\Mizael\WYDBR2.0\data\monsters
[2025-05-11 00:30:42] [INFO] Diretório criado: F:\Users\Mizael\WYDBR2.0\data\skills
[2025-05-11 00:30:42] [INFO] Diretório criado: F:\Users\Mizael\WYDBR2.0\data\quests
[2025-05-11 00:30:42] [INFO] Diretório criado: F:\Users\Mizael\WYDBR2.0\data\events
[2025-05-11 00:30:42] [INFO] Diretório criado: F:\Users\Mizael\WYDBR2.0\data\achievements
[2025-05-11 00:30:42] [INFO] Diretório criado: F:\Users\Mizael\WYDBR2.0\data\pets
[2025-05-11 00:30:42] [INFO] Diretório criado: F:\Users\Mizael\WYDBR2.0\data\mounts
[2025-05-11 00:30:42] [INFO] Diretório criado: F:\Users\Mizael\WYDBR2.0\data\guilds
[2025-05-11 00:30:42] [INFO] Diretório criado: F:\Users\Mizael\WYDBR2.0\data\parties
[2025-05-11 00:30:42] [INFO] Diretório criado: F:\Users\Mizael\WYDBR2.0\data\trades
[2025-05-11 00:30:42] [INFO] Diretório criado: F:\Users\Mizael\WYDBR2.0\data\auctions
[2025-05-11 00:30:42] [INFO] Diretório criado: F:\Users\Mizael\WYDBR2.0\data\mails
[2025-05-11 00:30:42] [INFO] Diretório criado: F:\Users\Mizael\WYDBR2.0\data\tickets
[2025-05-11 00:30:42] [INFO] Diretório criado: F:\Users\Mizael\WYDBR2.0\data\logs
[2025-05-11 00:30:42] [INFO] Diretório criado: F:\Users\Mizael\WYDBR2.0\data\backups
[2025-05-11 00:30:42] [INFO] Diretórios criados com sucesso.
[2025-05-11 00:30:42] [INFO] Configurando regras do firewall...
[2025-05-11 00:30:43] [INFO] Regras do firewall configuradas com sucesso.
[2025-05-11 00:30:43] [INFO] Configurando serviço do servidor...
[2025-05-11 00:30:43] [INFO] Serviço configurado com sucesso.
[2025-05-11 00:30:43] [INFO] Configurando tarefas agendadas...
[2025-05-11 00:30:44] [INFO] Tarefas agendadas configuradas com sucesso.
[2025-05-11 00:30:44] [INFO] Configuração do servidor concluída!
[2025-05-11 00:37:16] [INFO] Iniciando configuração do servidor...
[2025-05-11 00:37:16] [INFO] Criando arquivo de configuração do servidor...
[2025-05-11 00:37:16] [INFO] Arquivo de configuração criado com sucesso.
[2025-05-11 00:37:16] [INFO] Criando diretórios do servidor...
[2025-05-11 00:37:16] [INFO] Diretórios criados com sucesso.
[2025-05-11 00:37:16] [INFO] Configurando regras do firewall...
[2025-05-11 00:37:17] [INFO] Regras do firewall configuradas com sucesso.
[2025-05-11 00:37:17] [INFO] Configurando serviço do servidor...
[2025-05-11 00:37:17] [INFO] Serviço configurado com sucesso.
[2025-05-11 00:37:17] [INFO] Configurando tarefas agendadas...
[2025-05-11 00:37:17] [INFO] Tarefas agendadas configuradas com sucesso.
[2025-05-11 00:37:17] [INFO] Configuração do servidor concluída!
